9/3/2012 5:15:54 PM	This log contains information about the import schema operation into project 'Yearnly.Database' on computer 'BRENT-IMAC' by user 'brent'.
9/3/2012 5:15:54 PM	Import of database schema has started.
9/3/2012 5:16:03 PM	Gathering database options
9/3/2012 5:16:03 PM	Gathering users
9/3/2012 5:16:03 PM	Gathering roles
9/3/2012 5:16:03 PM	Gathering application roles
9/3/2012 5:16:03 PM	Gathering role memberships
9/3/2012 5:16:03 PM	Gathering filegroups
9/3/2012 5:16:03 PM	Gathering full-text catalogs
9/3/2012 5:16:03 PM	Gathering assemblies
9/3/2012 5:16:03 PM	Gathering certificates
9/3/2012 5:16:03 PM	Gathering asymmetric keys
9/3/2012 5:16:03 PM	Gathering symmetric keys
9/3/2012 5:16:03 PM	Gathering encrypted symmetric keys
9/3/2012 5:16:03 PM	Gathering schemas
9/3/2012 5:16:03 PM	Gathering XML schema collections
9/3/2012 5:16:03 PM	Gathering user-defined data types
9/3/2012 5:16:03 PM	Gathering user-defined types
9/3/2012 5:16:03 PM	Gathering table types
9/3/2012 5:16:03 PM	Gathering unique keys for table types
9/3/2012 5:16:03 PM	Gathering primary keys for table types
9/3/2012 5:16:03 PM	Gathering check constraints for table types
9/3/2012 5:16:03 PM	Gathering default constraints for table types
9/3/2012 5:16:03 PM	Gathering partition functions
9/3/2012 5:16:03 PM	Gathering partition schemes
9/3/2012 5:16:03 PM	Gathering functions
9/3/2012 5:16:03 PM	Gathering encrypted functions
9/3/2012 5:16:03 PM	Gathering aggregates
9/3/2012 5:16:03 PM	Gathering procedures
9/3/2012 5:16:03 PM	Gathering encrypted procedures
9/3/2012 5:16:03 PM	Gathering tables
9/3/2012 5:16:03 PM	Gathering primary keys
9/3/2012 5:16:03 PM	Gathering unique constraints
9/3/2012 5:16:03 PM	Gathering foreign keys
9/3/2012 5:16:03 PM	Gathering default constraints
9/3/2012 5:16:03 PM	Gathering check constraints
9/3/2012 5:16:03 PM	Gathering views
9/3/2012 5:16:03 PM	Gathering encrypted views
9/3/2012 5:16:03 PM	Gathering indexes
9/3/2012 5:16:03 PM	Gathering statistics
9/3/2012 5:16:03 PM	Gathering full-text index stoplists
9/3/2012 5:16:03 PM	Gathering search property lists
9/3/2012 5:16:03 PM	Gathering search properties
9/3/2012 5:16:03 PM	Gathering full-text indexes
9/3/2012 5:16:03 PM	Gathering column store indexes
9/3/2012 5:16:03 PM	Gathering spatial indexes
9/3/2012 5:16:03 PM	Gathering XML indexes
9/3/2012 5:16:03 PM	Gathering encrypted triggers
9/3/2012 5:16:03 PM	Gathering triggers
9/3/2012 5:16:03 PM	Gathering encrypted and clr ddl triggers
9/3/2012 5:16:03 PM	Gathering ddl triggers
9/3/2012 5:16:03 PM	Gathering synonyms
9/3/2012 5:16:03 PM	Gathering defaults
9/3/2012 5:16:03 PM	Gathering data constraint uddt bindings
9/3/2012 5:16:03 PM	Gathering rules
9/3/2012 5:16:03 PM	Gathering data constraint uddt bindings
9/3/2012 5:16:03 PM	Gathering message types
9/3/2012 5:16:03 PM	Gathering queues
9/3/2012 5:16:03 PM	Gathering contracts
9/3/2012 5:16:03 PM	Gathering services
9/3/2012 5:16:03 PM	Gathering event notifications
9/3/2012 5:16:03 PM	Gathering remote service bindings
9/3/2012 5:16:03 PM	Gathering broker priorities
9/3/2012 5:16:03 PM	Gathering signatures
9/3/2012 5:16:03 PM	Gathering data compression options
9/3/2012 5:16:03 PM	Gathering sequence types
9/3/2012 5:16:03 PM	Gathering extended properties
9/3/2012 5:16:03 PM	Gathering credentials
9/3/2012 5:16:03 PM	Gathering logins
9/3/2012 5:16:03 PM	Gathering server audits
9/3/2012 5:16:04 PM	Scanning project for duplicate elements
9/3/2012 5:16:04 PM	Finished duplicate element processing
9/3/2012 5:16:04 PM	Finished importing database.
9/3/2012 5:16:04 PM	A summary of the import was saved to the following location: C:\Users\brent\Documents\GitHub\Lister\Yearnly\Yearnly.Database\Import Schema Logs\Yearnly.Database_20120903101554.log
9/3/2012 5:16:04 PM	Click Finish to continue...
